This is pdfTeX, Version 3.14159265-2.6-1.40.19 (TeX Live 2018) (preloaded format=pdftex 2018.4.16)  12 MAY 2019 19:06
entering extended mode
 restricted \write18 enabled.
 file:line:error style messages enabled.
 %&-line parsing enabled.
**baseDatos1.tex
(./baseDatos1.tex
./baseDatos1.tex:2: Undefined control sequence.
l.2 \documentclass
                  [11pt]{article}
? 
./baseDatos1.tex:3: Undefined control sequence.
l.3 \usepackage
               [utf8]{inputenc}
? 
./baseDatos1.tex:4: Undefined control sequence.
l.4 \usepackage
               [T1]{fontenc}
? 
./baseDatos1.tex:5: Undefined control sequence.
l.5 \usepackage
               {fixltx2e}
? 
./baseDatos1.tex:6: Undefined control sequence.
l.6 \usepackage
               {graphicx}
? 
./baseDatos1.tex:7: Undefined control sequence.
l.7 \usepackage
               {longtable}
? 
./baseDatos1.tex:8: Undefined control sequence.
l.8 \usepackage
               {float}
? 
./baseDatos1.tex:9: Undefined control sequence.
l.9 \usepackage
               {wrapfig}
? 
./baseDatos1.tex:10: Undefined control sequence.
l.10 \usepackage
                {rotating}
? 
./baseDatos1.tex:11: Undefined control sequence.
l.11 \usepackage
                [normalem]{ulem}
? 
./baseDatos1.tex:12: Undefined control sequence.
l.12 \usepackage
                {amsmath}
? 
./baseDatos1.tex:13: Undefined control sequence.
l.13 \usepackage
                {textcomp}
? 
./baseDatos1.tex:14: Undefined control sequence.
l.14 \usepackage
                {marvosym}
? 
./baseDatos1.tex:15: Undefined control sequence.
l.15 \usepackage
                {wasysym}
? 
./baseDatos1.tex:16: Undefined control sequence.
l.16 \usepackage
                {amssymb}
? 
./baseDatos1.tex:17: Undefined control sequence.
l.17 \usepackage
                {hyperref}
? 
./baseDatos1.tex:18: Undefined control sequence.
l.18 \usepackage
                {apa}
? 
./baseDatos1.tex:20: Undefined control sequence.
l.20 \author
            {Jonatan Ahumada Fern√°ndez\\
? 
Missing character: There is no √ in font cmr10!
Missing character: There is no ° in font cmr10!
./baseDatos1.tex:22: Argument of \\ has an extra }.
<inserted text> 
                \par 
<to be read again> 
                   }
l.22 C√≥d. 506181029}
                     
? 
Runaway argument?
 Fundaci√≥n Universitaria Konrad Lorenz\\ C√≥d. 506181029
./baseDatos1.tex:22: Paragraph ended before \\ was complete.
<to be read again> 
                   \par 
<to be read again> 
                   }
l.22 C√≥d. 506181029}
                     
? 
./baseDatos1.tex:23: Undefined control sequence.
l.23 \date
          {\today}
? 
./baseDatos1.tex:23: Undefined control sequence.
l.23 \date{\today
                 }
? 
./baseDatos1.tex:24: Undefined control sequence.
l.24 \title
           {Trabajo en bases de datos I:\\
? 
./baseDatos1.tex:25: Argument of \\ has an extra }.
<inserted text> 
                \par 
<to be read again> 
                   }
l.25 Un caso especial de s√≥lidos de revoluci√≥n}
                                                 
? 
Runaway argument?
 Un caso especial de s√≥lidos de revoluci√≥n
./baseDatos1.tex:25: Paragraph ended before \\ was complete.
<to be read again> 
                   \par 
<to be read again> 
                   }
l.25 Un caso especial de s√≥lidos de revoluci√≥n}
                                                 
? 
./baseDatos1.tex:26: Undefined control sequence.
l.26 \hypersetup
                {
? 
./baseDatos1.tex:30: Undefined control sequence.
l.30 \begin
           {document}
? 
./baseDatos1.tex:32: Undefined control sequence.
l.32 \maketitle
               
? 
./baseDatos1.tex:36: Undefined control sequence.
l.36 \section
             {C√≥digo asignado en el MSC }
? 
Missing character: There is no √ in font cmr10!
Missing character: There is no ≥ in font cmr10!
./baseDatos1.tex:37: Undefined control sequence.
l.37 \label
           {sec-1}
? 
Missing character: There is no ‚ in font cmr10!
Missing character: There is no Ä in font cmr10!
Missing character: There is no ú in font cmr10!
Missing character: There is no ‚ in font cmr10!
Missing character: There is no Ä in font cmr10!
Missing character: There is no ù in font cmr10!
Missing character: There is no √ in font cmr10!
Missing character: There is no ≥ in font cmr10!
./baseDatos1.tex:41: Undefined control sequence.
l.41 \section
             {Art√≠culos preseleccionados}
? 
Missing character: There is no √ in font cmr10!
Missing character: There is no ≠ in font cmr10!
./baseDatos1.tex:42: Undefined control sequence.
l.42 \label
           {sec-2}
? 
Missing character: There is no √ in font cmr10!
Missing character: There is no ≠ in font cmr10!
./baseDatos1.tex:43: Undefined control sequence.
l.43 Los art√≠culos seleccionados fueron \emph
                                              {Cutting Against the Grain: Vo...

? 
./baseDatos1.tex:43: Undefined control sequence.
l.43 ...tions Parallel to the Rotation Axis} \cite
                                                  {knudson},
? 
./baseDatos1.tex:44: Undefined control sequence.
l.44 \emph
          {Using origami boxes to explore concepts of geometry and calculus}...

? 
./baseDatos1.tex:44: Undefined control sequence.
l.44 ...e concepts of geometry and calculus} \cite
                                                  {wares} y \emph{Some remar...

? 
./baseDatos1.tex:44: Undefined control sequence.
l.44 ...eometry and calculus} \cite{wares} y \emph
                                                  {Some remarks about flux t...

? 
./baseDatos1.tex:44: Undefined control sequence.
l.44 ... remarks about flux time derivative} \cite
                                                  {benedetto}.
? 
./baseDatos1.tex:46: Undefined control sequence.
l.46 \section
             {Resumen del art√≠culo}
? 
Missing character: There is no √ in font cmr10!
Missing character: There is no ≠ in font cmr10!
./baseDatos1.tex:47: Undefined control sequence.
l.47 \label
           {sec-3}
? 
Missing character: There is no √ in font cmr10!
Missing character: There is no ≠ in font cmr10!
Missing character: There is no √ in font cmr10!
Missing character: There is no ≥ in font cmr10!
Missing character: There is no √ in font cmr10!
Missing character: There is no ≥ in font cmr10!
Missing character: There is no √ in font cmr10!
Missing character: There is no ° in font cmr10!
Missing character: There is no √ in font cmr10!
Missing character: There is no ≥ in font cmr10!
./baseDatos1.tex:51: Undefined control sequence.
l.51 ... estudiado, se suman las secciones \textbf
                                                  {paralelas} al eje de rota...

? 
Missing character: There is no √ in font cmr10!
Missing character: There is no ≥ in font cmr10!
Missing character: There is no √ in font cmr10!
Missing character: There is no © in font cmr10!
Missing character: There is no √ in font cmr10!
Missing character: There is no ° in font cmr10!
Missing character: There is no √ in font cmr10!
Missing character: There is no ≥ in font cmr10!
./baseDatos1.tex:53: Undefined control sequence.
l.53 de la funci√≥n \(
                      y = 1/x\)).
? 
./baseDatos1.tex:53: Undefined control sequence.
l.53 de la funci√≥n \(y = 1/x\)
                               ).
? 
./baseDatos1.tex:53: Emergency stop.
l.53 de la funci√≥n \(y = 1/x\)
                               ).
End of file on the terminal!

./baseDatos1.tex:53:  ==> Fatal error occurred, no output PDF file produced!
