\BOOKMARK [1][-]{section.1}{Sustituci\363n}{}% 1
\BOOKMARK [2][-]{subsection.1.1}{Sustituci\363n simple}{section.1}% 2
\BOOKMARK [2][-]{subsection.1.2}{Sustituci\363n por partes}{section.1}% 3
\BOOKMARK [1][-]{section.2}{Trigonometr\355a}{}% 4
\BOOKMARK [2][-]{subsection.2.1}{Integrales fundamentales}{section.2}% 5
\BOOKMARK [2][-]{subsection.2.2}{Identidad fundamental \(potencias impares\)}{section.2}% 6
\BOOKMARK [2][-]{subsection.2.3}{\301ngulo Medio \(potencias pares\)}{section.2}% 7
\BOOKMARK [3][-]{subsubsection.2.3.1}{Variaci\363n}{subsection.2.3}% 8
\BOOKMARK [2][-]{subsection.2.4}{Eliminaci\363n de ra\355ces}{section.2}% 9
\BOOKMARK [3][-]{subsubsection.2.4.1}{Con \341ngulo medio}{subsection.2.4}% 10
\BOOKMARK [3][-]{subsubsection.2.4.2}{Con variaci\363n}{subsection.2.4}% 11
\BOOKMARK [2][-]{subsection.2.5}{Integrales capciosas}{section.2}% 12
\BOOKMARK [2][-]{subsection.2.6}{Sustituci\363n trigonom\351trica}{section.2}% 13
\BOOKMARK [2][-]{subsection.2.7}{Tablas trignom\351tricas}{section.2}% 14
\BOOKMARK [2][-]{subsection.2.8}{Fracciones Parciales}{section.2}% 15
\BOOKMARK [3][-]{subsubsection.2.8.1}{Siempre simplifica el denominador}{subsection.2.8}% 16
\BOOKMARK [2][-]{subsection.2.9}{Teorema Fundamental}{section.2}% 17
\BOOKMARK [2][-]{subsection.2.10}{Promedio}{section.2}% 18
\BOOKMARK [1][-]{section.3}{Vol\372menes}{}% 19
\BOOKMARK [2][-]{subsection.3.1}{Aplicaciones}{section.3}% 20
\BOOKMARK [1][-]{section.4}{Tablas}{}% 21
